RetroDex backend request failed: Error
    at Database.<anonymous> (C:\Users\ftass\OneDrive\Bureau\RETRODEXseed\backend\node_modules\sequelize\lib\dialects\sqlite\query.js:185:27)
    at C:\Users\ftass\OneDrive\Bureau\RETRODEXseed\backend\node_modules\sequelize\lib\dialects\sqlite\query.js:183:50
    at new Promise (<anonymous>)
    at Query.run (C:\Users\ftass\OneDrive\Bureau\RETRODEXseed\backend\node_modules\sequelize\lib\dialects\sqlite\query.js:183:12)
    at C:\Users\ftass\OneDrive\Bureau\RETRODEXseed\backend\node_modules\sequelize\lib\sequelize.js:315:28
    at async SQLiteQueryInterface.select (C:\Users\ftass\OneDrive\Bureau\RETRODEXseed\backend\node_modules\sequelize\lib\dialects\abstract\query-interface.js:407:12)
    at async CollectionItem.findAll (C:\Users\ftass\OneDrive\Bureau\RETRODEXseed\backend\node_modules\sequelize\lib\model.js:1140:21)
    at async C:\Users\ftass\OneDrive\Bureau\RETRODEXseed\backend\src\server.js:287:17 {
  name: 'SequelizeDatabaseError',
  parent: [Error: SQLITE_ERROR: no such column: id] {
    errno: 1,
    code: 'SQLITE_ERROR',
    sql: 'SELECT `id`, `gameId`, `condition`, `notes`, `createdAt`, `updatedAt` FROM `collection_items` AS `CollectionItem` ORDER BY `CollectionItem`.`id` ASC;'
  },
  original: [Error: SQLITE_ERROR: no such column: id] {
    errno: 1,
    code: 'SQLITE_ERROR',
    sql: 'SELECT `id`, `gameId`, `condition`, `notes`, `createdAt`, `updatedAt` FROM `collection_items` AS `CollectionItem` ORDER BY `CollectionItem`.`id` ASC;'
  },
  sql: 'SELECT `id`, `gameId`, `condition`, `notes`, `createdAt`, `updatedAt` FROM `collection_items` AS `CollectionItem` ORDER BY `CollectionItem`.`id` ASC;',
  parameters: {}
}
RetroDex backend request failed: Error
    at Database.<anonymous> (C:\Users\ftass\OneDrive\Bureau\RETRODEXseed\backend\node_modules\sequelize\lib\dialects\sqlite\query.js:185:27)
    at C:\Users\ftass\OneDrive\Bureau\RETRODEXseed\backend\node_modules\sequelize\lib\dialects\sqlite\query.js:183:50
    at new Promise (<anonymous>)
    at Query.run (C:\Users\ftass\OneDrive\Bureau\RETRODEXseed\backend\node_modules\sequelize\lib\dialects\sqlite\query.js:183:12)
    at C:\Users\ftass\OneDrive\Bureau\RETRODEXseed\backend\node_modules\sequelize\lib\sequelize.js:315:28
    at async SQLiteQueryInterface.select (C:\Users\ftass\OneDrive\Bureau\RETRODEXseed\backend\node_modules\sequelize\lib\dialects\abstract\query-interface.js:407:12)
    at async CollectionItem.findAll (C:\Users\ftass\OneDrive\Bureau\RETRODEXseed\backend\node_modules\sequelize\lib\model.js:1140:21)
    at async Promise.all (index 1)
    at async C:\Users\ftass\OneDrive\Bureau\RETRODEXseed\backend\src\server.js:298:36 {
  name: 'SequelizeDatabaseError',
  parent: [Error: SQLITE_ERROR: no such column: id] {
    errno: 1,
    code: 'SQLITE_ERROR',
    sql: 'SELECT `id`, `gameId`, `condition`, `notes`, `createdAt`, `updatedAt` FROM `collection_items` AS `CollectionItem` ORDER BY `CollectionItem`.`id` ASC;'
  },
  original: [Error: SQLITE_ERROR: no such column: id] {
    errno: 1,
    code: 'SQLITE_ERROR',
    sql: 'SELECT `id`, `gameId`, `condition`, `notes`, `createdAt`, `updatedAt` FROM `collection_items` AS `CollectionItem` ORDER BY `CollectionItem`.`id` ASC;'
  },
  sql: 'SELECT `id`, `gameId`, `condition`, `notes`, `createdAt`, `updatedAt` FROM `collection_items` AS `CollectionItem` ORDER BY `CollectionItem`.`id` ASC;',
  parameters: {}
}
RetroDex backend request failed: Error
    at Database.<anonymous> (C:\Users\ftass\OneDrive\Bureau\RETRODEXseed\backend\node_modules\sequelize\lib\dialects\sqlite\query.js:185:27)
    at C:\Users\ftass\OneDrive\Bureau\RETRODEXseed\backend\node_modules\sequelize\lib\dialects\sqlite\query.js:183:50
    at new Promise (<anonymous>)
    at Query.run (C:\Users\ftass\OneDrive\Bureau\RETRODEXseed\backend\node_modules\sequelize\lib\dialects\sqlite\query.js:183:12)
    at C:\Users\ftass\OneDrive\Bureau\RETRODEXseed\backend\node_modules\sequelize\lib\sequelize.js:315:28
    at async SQLiteQueryInterface.select (C:\Users\ftass\OneDrive\Bureau\RETRODEXseed\backend\node_modules\sequelize\lib\dialects\abstract\query-interface.js:407:12)
    at async CollectionItem.findAll (C:\Users\ftass\OneDrive\Bureau\RETRODEXseed\backend\node_modules\sequelize\lib\model.js:1140:21)
    at async Promise.all (index 1)
    at async C:\Users\ftass\OneDrive\Bureau\RETRODEXseed\backend\src\server.js:298:36 {
  name: 'SequelizeDatabaseError',
  parent: [Error: SQLITE_ERROR: no such column: id] {
    errno: 1,
    code: 'SQLITE_ERROR',
    sql: 'SELECT `id`, `gameId`, `condition`, `notes`, `createdAt`, `updatedAt` FROM `collection_items` AS `CollectionItem` ORDER BY `CollectionItem`.`id` ASC;'
  },
  original: [Error: SQLITE_ERROR: no such column: id] {
    errno: 1,
    code: 'SQLITE_ERROR',
    sql: 'SELECT `id`, `gameId`, `condition`, `notes`, `createdAt`, `updatedAt` FROM `collection_items` AS `CollectionItem` ORDER BY `CollectionItem`.`id` ASC;'
  },
  sql: 'SELECT `id`, `gameId`, `condition`, `notes`, `createdAt`, `updatedAt` FROM `collection_items` AS `CollectionItem` ORDER BY `CollectionItem`.`id` ASC;',
  parameters: {}
}
RetroDex backend request failed: Error
    at Database.<anonymous> (C:\Users\ftass\OneDrive\Bureau\RETRODEXseed\backend\node_modules\sequelize\lib\dialects\sqlite\query.js:185:27)
    at C:\Users\ftass\OneDrive\Bureau\RETRODEXseed\backend\node_modules\sequelize\lib\dialects\sqlite\query.js:183:50
    at new Promise (<anonymous>)
    at Query.run (C:\Users\ftass\OneDrive\Bureau\RETRODEXseed\backend\node_modules\sequelize\lib\dialects\sqlite\query.js:183:12)
    at C:\Users\ftass\OneDrive\Bureau\RETRODEXseed\backend\node_modules\sequelize\lib\sequelize.js:315:28
    at async SQLiteQueryInterface.select (C:\Users\ftass\OneDrive\Bureau\RETRODEXseed\backend\node_modules\sequelize\lib\dialects\abstract\query-interface.js:407:12)
    at async CollectionItem.findAll (C:\Users\ftass\OneDrive\Bureau\RETRODEXseed\backend\node_modules\sequelize\lib\model.js:1140:21)
    at async Promise.all (index 1)
    at async C:\Users\ftass\OneDrive\Bureau\RETRODEXseed\backend\src\server.js:298:36 {
  name: 'SequelizeDatabaseError',
  parent: [Error: SQLITE_ERROR: no such column: id] {
    errno: 1,
    code: 'SQLITE_ERROR',
    sql: 'SELECT `id`, `gameId`, `condition`, `notes`, `createdAt`, `updatedAt` FROM `collection_items` AS `CollectionItem` ORDER BY `CollectionItem`.`id` ASC;'
  },
  original: [Error: SQLITE_ERROR: no such column: id] {
    errno: 1,
    code: 'SQLITE_ERROR',
    sql: 'SELECT `id`, `gameId`, `condition`, `notes`, `createdAt`, `updatedAt` FROM `collection_items` AS `CollectionItem` ORDER BY `CollectionItem`.`id` ASC;'
  },
  sql: 'SELECT `id`, `gameId`, `condition`, `notes`, `createdAt`, `updatedAt` FROM `collection_items` AS `CollectionItem` ORDER BY `CollectionItem`.`id` ASC;',
  parameters: {}
}
RetroDex backend request failed: Error
    at Database.<anonymous> (C:\Users\ftass\OneDrive\Bureau\RETRODEXseed\backend\node_modules\sequelize\lib\dialects\sqlite\query.js:185:27)
    at C:\Users\ftass\OneDrive\Bureau\RETRODEXseed\backend\node_modules\sequelize\lib\dialects\sqlite\query.js:183:50
    at new Promise (<anonymous>)
    at Query.run (C:\Users\ftass\OneDrive\Bureau\RETRODEXseed\backend\node_modules\sequelize\lib\dialects\sqlite\query.js:183:12)
    at C:\Users\ftass\OneDrive\Bureau\RETRODEXseed\backend\node_modules\sequelize\lib\sequelize.js:315:28
    at async SQLiteQueryInterface.select (C:\Users\ftass\OneDrive\Bureau\RETRODEXseed\backend\node_modules\sequelize\lib\dialects\abstract\query-interface.js:407:12)
    at async CollectionItem.findAll (C:\Users\ftass\OneDrive\Bureau\RETRODEXseed\backend\node_modules\sequelize\lib\model.js:1140:21)
    at async Promise.all (index 1)
    at async C:\Users\ftass\OneDrive\Bureau\RETRODEXseed\backend\src\server.js:298:36 {
  name: 'SequelizeDatabaseError',
  parent: [Error: SQLITE_ERROR: no such column: id] {
    errno: 1,
    code: 'SQLITE_ERROR',
    sql: 'SELECT `id`, `gameId`, `condition`, `notes`, `createdAt`, `updatedAt` FROM `collection_items` AS `CollectionItem` ORDER BY `CollectionItem`.`id` ASC;'
  },
  original: [Error: SQLITE_ERROR: no such column: id] {
    errno: 1,
    code: 'SQLITE_ERROR',
    sql: 'SELECT `id`, `gameId`, `condition`, `notes`, `createdAt`, `updatedAt` FROM `collection_items` AS `CollectionItem` ORDER BY `CollectionItem`.`id` ASC;'
  },
  sql: 'SELECT `id`, `gameId`, `condition`, `notes`, `createdAt`, `updatedAt` FROM `collection_items` AS `CollectionItem` ORDER BY `CollectionItem`.`id` ASC;',
  parameters: {}
}
RetroDex backend request failed: Error
    at Database.<anonymous> (C:\Users\ftass\OneDrive\Bureau\RETRODEXseed\backend\node_modules\sequelize\lib\dialects\sqlite\query.js:185:27)
    at C:\Users\ftass\OneDrive\Bureau\RETRODEXseed\backend\node_modules\sequelize\lib\dialects\sqlite\query.js:183:50
    at new Promise (<anonymous>)
    at Query.run (C:\Users\ftass\OneDrive\Bureau\RETRODEXseed\backend\node_modules\sequelize\lib\dialects\sqlite\query.js:183:12)
    at C:\Users\ftass\OneDrive\Bureau\RETRODEXseed\backend\node_modules\sequelize\lib\sequelize.js:315:28
    at async SQLiteQueryInterface.select (C:\Users\ftass\OneDrive\Bureau\RETRODEXseed\backend\node_modules\sequelize\lib\dialects\abstract\query-interface.js:407:12)
    at async CollectionItem.findAll (C:\Users\ftass\OneDrive\Bureau\RETRODEXseed\backend\node_modules\sequelize\lib\model.js:1140:21)
    at async Promise.all (index 1)
    at async C:\Users\ftass\OneDrive\Bureau\RETRODEXseed\backend\src\server.js:298:36 {
  name: 'SequelizeDatabaseError',
  parent: [Error: SQLITE_ERROR: no such column: id] {
    errno: 1,
    code: 'SQLITE_ERROR',
    sql: 'SELECT `id`, `gameId`, `condition`, `notes`, `createdAt`, `updatedAt` FROM `collection_items` AS `CollectionItem` ORDER BY `CollectionItem`.`id` ASC;'
  },
  original: [Error: SQLITE_ERROR: no such column: id] {
    errno: 1,
    code: 'SQLITE_ERROR',
    sql: 'SELECT `id`, `gameId`, `condition`, `notes`, `createdAt`, `updatedAt` FROM `collection_items` AS `CollectionItem` ORDER BY `CollectionItem`.`id` ASC;'
  },
  sql: 'SELECT `id`, `gameId`, `condition`, `notes`, `createdAt`, `updatedAt` FROM `collection_items` AS `CollectionItem` ORDER BY `CollectionItem`.`id` ASC;',
  parameters: {}
}
RetroDex backend request failed: Error
    at Database.<anonymous> (C:\Users\ftass\OneDrive\Bureau\RETRODEXseed\backend\node_modules\sequelize\lib\dialects\sqlite\query.js:185:27)
    at C:\Users\ftass\OneDrive\Bureau\RETRODEXseed\backend\node_modules\sequelize\lib\dialects\sqlite\query.js:183:50
    at new Promise (<anonymous>)
    at Query.run (C:\Users\ftass\OneDrive\Bureau\RETRODEXseed\backend\node_modules\sequelize\lib\dialects\sqlite\query.js:183:12)
    at C:\Users\ftass\OneDrive\Bureau\RETRODEXseed\backend\node_modules\sequelize\lib\sequelize.js:315:28
    at async SQLiteQueryInterface.select (C:\Users\ftass\OneDrive\Bureau\RETRODEXseed\backend\node_modules\sequelize\lib\dialects\abstract\query-interface.js:407:12)
    at async CollectionItem.findAll (C:\Users\ftass\OneDrive\Bureau\RETRODEXseed\backend\node_modules\sequelize\lib\model.js:1140:21)
    at async Promise.all (index 1)
    at async C:\Users\ftass\OneDrive\Bureau\RETRODEXseed\backend\src\server.js:298:36 {
  name: 'SequelizeDatabaseError',
  parent: [Error: SQLITE_ERROR: no such column: id] {
    errno: 1,
    code: 'SQLITE_ERROR',
    sql: 'SELECT `id`, `gameId`, `condition`, `notes`, `createdAt`, `updatedAt` FROM `collection_items` AS `CollectionItem` ORDER BY `CollectionItem`.`id` ASC;'
  },
  original: [Error: SQLITE_ERROR: no such column: id] {
    errno: 1,
    code: 'SQLITE_ERROR',
    sql: 'SELECT `id`, `gameId`, `condition`, `notes`, `createdAt`, `updatedAt` FROM `collection_items` AS `CollectionItem` ORDER BY `CollectionItem`.`id` ASC;'
  },
  sql: 'SELECT `id`, `gameId`, `condition`, `notes`, `createdAt`, `updatedAt` FROM `collection_items` AS `CollectionItem` ORDER BY `CollectionItem`.`id` ASC;',
  parameters: {}
}
RetroDex backend request failed: Error
    at Database.<anonymous> (C:\Users\ftass\OneDrive\Bureau\RETRODEXseed\backend\node_modules\sequelize\lib\dialects\sqlite\query.js:185:27)
    at C:\Users\ftass\OneDrive\Bureau\RETRODEXseed\backend\node_modules\sequelize\lib\dialects\sqlite\query.js:183:50
    at new Promise (<anonymous>)
    at Query.run (C:\Users\ftass\OneDrive\Bureau\RETRODEXseed\backend\node_modules\sequelize\lib\dialects\sqlite\query.js:183:12)
    at C:\Users\ftass\OneDrive\Bureau\RETRODEXseed\backend\node_modules\sequelize\lib\sequelize.js:315:28
    at async SQLiteQueryInterface.select (C:\Users\ftass\OneDrive\Bureau\RETRODEXseed\backend\node_modules\sequelize\lib\dialects\abstract\query-interface.js:407:12)
    at async CollectionItem.findAll (C:\Users\ftass\OneDrive\Bureau\RETRODEXseed\backend\node_modules\sequelize\lib\model.js:1140:21)
    at async Promise.all (index 1)
    at async C:\Users\ftass\OneDrive\Bureau\RETRODEXseed\backend\src\server.js:298:36 {
  name: 'SequelizeDatabaseError',
  parent: [Error: SQLITE_ERROR: no such column: id] {
    errno: 1,
    code: 'SQLITE_ERROR',
    sql: 'SELECT `id`, `gameId`, `condition`, `notes`, `createdAt`, `updatedAt` FROM `collection_items` AS `CollectionItem` ORDER BY `CollectionItem`.`id` ASC;'
  },
  original: [Error: SQLITE_ERROR: no such column: id] {
    errno: 1,
    code: 'SQLITE_ERROR',
    sql: 'SELECT `id`, `gameId`, `condition`, `notes`, `createdAt`, `updatedAt` FROM `collection_items` AS `CollectionItem` ORDER BY `CollectionItem`.`id` ASC;'
  },
  sql: 'SELECT `id`, `gameId`, `condition`, `notes`, `createdAt`, `updatedAt` FROM `collection_items` AS `CollectionItem` ORDER BY `CollectionItem`.`id` ASC;',
  parameters: {}
}
RetroDex backend request failed: Error
    at Database.<anonymous> (C:\Users\ftass\OneDrive\Bureau\RETRODEXseed\backend\node_modules\sequelize\lib\dialects\sqlite\query.js:185:27)
    at C:\Users\ftass\OneDrive\Bureau\RETRODEXseed\backend\node_modules\sequelize\lib\dialects\sqlite\query.js:183:50
    at new Promise (<anonymous>)
    at Query.run (C:\Users\ftass\OneDrive\Bureau\RETRODEXseed\backend\node_modules\sequelize\lib\dialects\sqlite\query.js:183:12)
    at C:\Users\ftass\OneDrive\Bureau\RETRODEXseed\backend\node_modules\sequelize\lib\sequelize.js:315:28
    at async SQLiteQueryInterface.select (C:\Users\ftass\OneDrive\Bureau\RETRODEXseed\backend\node_modules\sequelize\lib\dialects\abstract\query-interface.js:407:12)
    at async CollectionItem.findAll (C:\Users\ftass\OneDrive\Bureau\RETRODEXseed\backend\node_modules\sequelize\lib\model.js:1140:21)
    at async Promise.all (index 1)
    at async C:\Users\ftass\OneDrive\Bureau\RETRODEXseed\backend\src\server.js:298:36 {
  name: 'SequelizeDatabaseError',
  parent: [Error: SQLITE_ERROR: no such column: id] {
    errno: 1,
    code: 'SQLITE_ERROR',
    sql: 'SELECT `id`, `gameId`, `condition`, `notes`, `createdAt`, `updatedAt` FROM `collection_items` AS `CollectionItem` ORDER BY `CollectionItem`.`id` ASC;'
  },
  original: [Error: SQLITE_ERROR: no such column: id] {
    errno: 1,
    code: 'SQLITE_ERROR',
    sql: 'SELECT `id`, `gameId`, `condition`, `notes`, `createdAt`, `updatedAt` FROM `collection_items` AS `CollectionItem` ORDER BY `CollectionItem`.`id` ASC;'
  },
  sql: 'SELECT `id`, `gameId`, `condition`, `notes`, `createdAt`, `updatedAt` FROM `collection_items` AS `CollectionItem` ORDER BY `CollectionItem`.`id` ASC;',
  parameters: {}
}
RetroDex backend request failed: Error
    at Database.<anonymous> (C:\Users\ftass\OneDrive\Bureau\RETRODEXseed\backend\node_modules\sequelize\lib\dialects\sqlite\query.js:185:27)
    at C:\Users\ftass\OneDrive\Bureau\RETRODEXseed\backend\node_modules\sequelize\lib\dialects\sqlite\query.js:183:50
    at new Promise (<anonymous>)
    at Query.run (C:\Users\ftass\OneDrive\Bureau\RETRODEXseed\backend\node_modules\sequelize\lib\dialects\sqlite\query.js:183:12)
    at C:\Users\ftass\OneDrive\Bureau\RETRODEXseed\backend\node_modules\sequelize\lib\sequelize.js:315:28
    at async SQLiteQueryInterface.select (C:\Users\ftass\OneDrive\Bureau\RETRODEXseed\backend\node_modules\sequelize\lib\dialects\abstract\query-interface.js:407:12)
    at async CollectionItem.findAll (C:\Users\ftass\OneDrive\Bureau\RETRODEXseed\backend\node_modules\sequelize\lib\model.js:1140:21)
    at async Promise.all (index 1)
    at async C:\Users\ftass\OneDrive\Bureau\RETRODEXseed\backend\src\server.js:298:36 {
  name: 'SequelizeDatabaseError',
  parent: [Error: SQLITE_ERROR: no such column: id] {
    errno: 1,
    code: 'SQLITE_ERROR',
    sql: 'SELECT `id`, `gameId`, `condition`, `notes`, `createdAt`, `updatedAt` FROM `collection_items` AS `CollectionItem` ORDER BY `CollectionItem`.`id` ASC;'
  },
  original: [Error: SQLITE_ERROR: no such column: id] {
    errno: 1,
    code: 'SQLITE_ERROR',
    sql: 'SELECT `id`, `gameId`, `condition`, `notes`, `createdAt`, `updatedAt` FROM `collection_items` AS `CollectionItem` ORDER BY `CollectionItem`.`id` ASC;'
  },
  sql: 'SELECT `id`, `gameId`, `condition`, `notes`, `createdAt`, `updatedAt` FROM `collection_items` AS `CollectionItem` ORDER BY `CollectionItem`.`id` ASC;',
  parameters: {}
}
RetroDex backend request failed: Error
    at Database.<anonymous> (C:\Users\ftass\OneDrive\Bureau\RETRODEXseed\backend\node_modules\sequelize\lib\dialects\sqlite\query.js:185:27)
    at C:\Users\ftass\OneDrive\Bureau\RETRODEXseed\backend\node_modules\sequelize\lib\dialects\sqlite\query.js:183:50
    at new Promise (<anonymous>)
    at Query.run (C:\Users\ftass\OneDrive\Bureau\RETRODEXseed\backend\node_modules\sequelize\lib\dialects\sqlite\query.js:183:12)
    at C:\Users\ftass\OneDrive\Bureau\RETRODEXseed\backend\node_modules\sequelize\lib\sequelize.js:315:28
    at async SQLiteQueryInterface.select (C:\Users\ftass\OneDrive\Bureau\RETRODEXseed\backend\node_modules\sequelize\lib\dialects\abstract\query-interface.js:407:12)
    at async CollectionItem.findAll (C:\Users\ftass\OneDrive\Bureau\RETRODEXseed\backend\node_modules\sequelize\lib\model.js:1140:21)
    at async Promise.all (index 1)
    at async C:\Users\ftass\OneDrive\Bureau\RETRODEXseed\backend\src\server.js:298:36 {
  name: 'SequelizeDatabaseError',
  parent: [Error: SQLITE_ERROR: no such column: id] {
    errno: 1,
    code: 'SQLITE_ERROR',
    sql: 'SELECT `id`, `gameId`, `condition`, `notes`, `createdAt`, `updatedAt` FROM `collection_items` AS `CollectionItem` ORDER BY `CollectionItem`.`id` ASC;'
  },
  original: [Error: SQLITE_ERROR: no such column: id] {
    errno: 1,
    code: 'SQLITE_ERROR',
    sql: 'SELECT `id`, `gameId`, `condition`, `notes`, `createdAt`, `updatedAt` FROM `collection_items` AS `CollectionItem` ORDER BY `CollectionItem`.`id` ASC;'
  },
  sql: 'SELECT `id`, `gameId`, `condition`, `notes`, `createdAt`, `updatedAt` FROM `collection_items` AS `CollectionItem` ORDER BY `CollectionItem`.`id` ASC;',
  parameters: {}
}
RetroDex backend request failed: Error
    at Database.<anonymous> (C:\Users\ftass\OneDrive\Bureau\RETRODEXseed\backend\node_modules\sequelize\lib\dialects\sqlite\query.js:185:27)
    at C:\Users\ftass\OneDrive\Bureau\RETRODEXseed\backend\node_modules\sequelize\lib\dialects\sqlite\query.js:183:50
    at new Promise (<anonymous>)
    at Query.run (C:\Users\ftass\OneDrive\Bureau\RETRODEXseed\backend\node_modules\sequelize\lib\dialects\sqlite\query.js:183:12)
    at C:\Users\ftass\OneDrive\Bureau\RETRODEXseed\backend\node_modules\sequelize\lib\sequelize.js:315:28
    at async SQLiteQueryInterface.select (C:\Users\ftass\OneDrive\Bureau\RETRODEXseed\backend\node_modules\sequelize\lib\dialects\abstract\query-interface.js:407:12)
    at async CollectionItem.findAll (C:\Users\ftass\OneDrive\Bureau\RETRODEXseed\backend\node_modules\sequelize\lib\model.js:1140:21)
    at async Promise.all (index 1)
    at async C:\Users\ftass\OneDrive\Bureau\RETRODEXseed\backend\src\server.js:298:36 {
  name: 'SequelizeDatabaseError',
  parent: [Error: SQLITE_ERROR: no such column: id] {
    errno: 1,
    code: 'SQLITE_ERROR',
    sql: 'SELECT `id`, `gameId`, `condition`, `notes`, `createdAt`, `updatedAt` FROM `collection_items` AS `CollectionItem` ORDER BY `CollectionItem`.`id` ASC;'
  },
  original: [Error: SQLITE_ERROR: no such column: id] {
    errno: 1,
    code: 'SQLITE_ERROR',
    sql: 'SELECT `id`, `gameId`, `condition`, `notes`, `createdAt`, `updatedAt` FROM `collection_items` AS `CollectionItem` ORDER BY `CollectionItem`.`id` ASC;'
  },
  sql: 'SELECT `id`, `gameId`, `condition`, `notes`, `createdAt`, `updatedAt` FROM `collection_items` AS `CollectionItem` ORDER BY `CollectionItem`.`id` ASC;',
  parameters: {}
}
RetroDex backend request failed: Error
    at Database.<anonymous> (C:\Users\ftass\OneDrive\Bureau\RETRODEXseed\backend\node_modules\sequelize\lib\dialects\sqlite\query.js:185:27)
    at C:\Users\ftass\OneDrive\Bureau\RETRODEXseed\backend\node_modules\sequelize\lib\dialects\sqlite\query.js:183:50
    at new Promise (<anonymous>)
    at Query.run (C:\Users\ftass\OneDrive\Bureau\RETRODEXseed\backend\node_modules\sequelize\lib\dialects\sqlite\query.js:183:12)
    at C:\Users\ftass\OneDrive\Bureau\RETRODEXseed\backend\node_modules\sequelize\lib\sequelize.js:315:28
    at async SQLiteQueryInterface.select (C:\Users\ftass\OneDrive\Bureau\RETRODEXseed\backend\node_modules\sequelize\lib\dialects\abstract\query-interface.js:407:12)
    at async CollectionItem.findAll (C:\Users\ftass\OneDrive\Bureau\RETRODEXseed\backend\node_modules\sequelize\lib\model.js:1140:21)
    at async Promise.all (index 1)
    at async C:\Users\ftass\OneDrive\Bureau\RETRODEXseed\backend\src\server.js:298:36 {
  name: 'SequelizeDatabaseError',
  parent: [Error: SQLITE_ERROR: no such column: id] {
    errno: 1,
    code: 'SQLITE_ERROR',
    sql: 'SELECT `id`, `gameId`, `condition`, `notes`, `createdAt`, `updatedAt` FROM `collection_items` AS `CollectionItem` ORDER BY `CollectionItem`.`id` ASC;'
  },
  original: [Error: SQLITE_ERROR: no such column: id] {
    errno: 1,
    code: 'SQLITE_ERROR',
    sql: 'SELECT `id`, `gameId`, `condition`, `notes`, `createdAt`, `updatedAt` FROM `collection_items` AS `CollectionItem` ORDER BY `CollectionItem`.`id` ASC;'
  },
  sql: 'SELECT `id`, `gameId`, `condition`, `notes`, `createdAt`, `updatedAt` FROM `collection_items` AS `CollectionItem` ORDER BY `CollectionItem`.`id` ASC;',
  parameters: {}
}
RetroDex backend request failed: Error
    at Database.<anonymous> (C:\Users\ftass\OneDrive\Bureau\RETRODEXseed\backend\node_modules\sequelize\lib\dialects\sqlite\query.js:185:27)
    at C:\Users\ftass\OneDrive\Bureau\RETRODEXseed\backend\node_modules\sequelize\lib\dialects\sqlite\query.js:183:50
    at new Promise (<anonymous>)
    at Query.run (C:\Users\ftass\OneDrive\Bureau\RETRODEXseed\backend\node_modules\sequelize\lib\dialects\sqlite\query.js:183:12)
    at C:\Users\ftass\OneDrive\Bureau\RETRODEXseed\backend\node_modules\sequelize\lib\sequelize.js:315:28
    at async SQLiteQueryInterface.select (C:\Users\ftass\OneDrive\Bureau\RETRODEXseed\backend\node_modules\sequelize\lib\dialects\abstract\query-interface.js:407:12)
    at async CollectionItem.findAll (C:\Users\ftass\OneDrive\Bureau\RETRODEXseed\backend\node_modules\sequelize\lib\model.js:1140:21)
    at async Promise.all (index 1)
    at async C:\Users\ftass\OneDrive\Bureau\RETRODEXseed\backend\src\server.js:298:36 {
  name: 'SequelizeDatabaseError',
  parent: [Error: SQLITE_ERROR: no such column: id] {
    errno: 1,
    code: 'SQLITE_ERROR',
    sql: 'SELECT `id`, `gameId`, `condition`, `notes`, `createdAt`, `updatedAt` FROM `collection_items` AS `CollectionItem` ORDER BY `CollectionItem`.`id` ASC;'
  },
  original: [Error: SQLITE_ERROR: no such column: id] {
    errno: 1,
    code: 'SQLITE_ERROR',
    sql: 'SELECT `id`, `gameId`, `condition`, `notes`, `createdAt`, `updatedAt` FROM `collection_items` AS `CollectionItem` ORDER BY `CollectionItem`.`id` ASC;'
  },
  sql: 'SELECT `id`, `gameId`, `condition`, `notes`, `createdAt`, `updatedAt` FROM `collection_items` AS `CollectionItem` ORDER BY `CollectionItem`.`id` ASC;',
  parameters: {}
}
RetroDex backend request failed: Error
    at Database.<anonymous> (C:\Users\ftass\OneDrive\Bureau\RETRODEXseed\backend\node_modules\sequelize\lib\dialects\sqlite\query.js:185:27)
    at C:\Users\ftass\OneDrive\Bureau\RETRODEXseed\backend\node_modules\sequelize\lib\dialects\sqlite\query.js:183:50
    at new Promise (<anonymous>)
    at Query.run (C:\Users\ftass\OneDrive\Bureau\RETRODEXseed\backend\node_modules\sequelize\lib\dialects\sqlite\query.js:183:12)
    at C:\Users\ftass\OneDrive\Bureau\RETRODEXseed\backend\node_modules\sequelize\lib\sequelize.js:315:28
    at async SQLiteQueryInterface.select (C:\Users\ftass\OneDrive\Bureau\RETRODEXseed\backend\node_modules\sequelize\lib\dialects\abstract\query-interface.js:407:12)
    at async CollectionItem.findAll (C:\Users\ftass\OneDrive\Bureau\RETRODEXseed\backend\node_modules\sequelize\lib\model.js:1140:21)
    at async Promise.all (index 1)
    at async C:\Users\ftass\OneDrive\Bureau\RETRODEXseed\backend\src\server.js:298:36 {
  name: 'SequelizeDatabaseError',
  parent: [Error: SQLITE_ERROR: no such column: id] {
    errno: 1,
    code: 'SQLITE_ERROR',
    sql: 'SELECT `id`, `gameId`, `condition`, `notes`, `createdAt`, `updatedAt` FROM `collection_items` AS `CollectionItem` ORDER BY `CollectionItem`.`id` ASC;'
  },
  original: [Error: SQLITE_ERROR: no such column: id] {
    errno: 1,
    code: 'SQLITE_ERROR',
    sql: 'SELECT `id`, `gameId`, `condition`, `notes`, `createdAt`, `updatedAt` FROM `collection_items` AS `CollectionItem` ORDER BY `CollectionItem`.`id` ASC;'
  },
  sql: 'SELECT `id`, `gameId`, `condition`, `notes`, `createdAt`, `updatedAt` FROM `collection_items` AS `CollectionItem` ORDER BY `CollectionItem`.`id` ASC;',
  parameters: {}
}
RetroDex backend request failed: Error
    at Database.<anonymous> (C:\Users\ftass\OneDrive\Bureau\RETRODEXseed\backend\node_modules\sequelize\lib\dialects\sqlite\query.js:185:27)
    at C:\Users\ftass\OneDrive\Bureau\RETRODEXseed\backend\node_modules\sequelize\lib\dialects\sqlite\query.js:183:50
    at new Promise (<anonymous>)
    at Query.run (C:\Users\ftass\OneDrive\Bureau\RETRODEXseed\backend\node_modules\sequelize\lib\dialects\sqlite\query.js:183:12)
    at C:\Users\ftass\OneDrive\Bureau\RETRODEXseed\backend\node_modules\sequelize\lib\sequelize.js:315:28
    at async SQLiteQueryInterface.select (C:\Users\ftass\OneDrive\Bureau\RETRODEXseed\backend\node_modules\sequelize\lib\dialects\abstract\query-interface.js:407:12)
    at async CollectionItem.findAll (C:\Users\ftass\OneDrive\Bureau\RETRODEXseed\backend\node_modules\sequelize\lib\model.js:1140:21)
    at async Promise.all (index 1)
    at async C:\Users\ftass\OneDrive\Bureau\RETRODEXseed\backend\src\server.js:298:36 {
  name: 'SequelizeDatabaseError',
  parent: [Error: SQLITE_ERROR: no such column: id] {
    errno: 1,
    code: 'SQLITE_ERROR',
    sql: 'SELECT `id`, `gameId`, `condition`, `notes`, `createdAt`, `updatedAt` FROM `collection_items` AS `CollectionItem` ORDER BY `CollectionItem`.`id` ASC;'
  },
  original: [Error: SQLITE_ERROR: no such column: id] {
    errno: 1,
    code: 'SQLITE_ERROR',
    sql: 'SELECT `id`, `gameId`, `condition`, `notes`, `createdAt`, `updatedAt` FROM `collection_items` AS `CollectionItem` ORDER BY `CollectionItem`.`id` ASC;'
  },
  sql: 'SELECT `id`, `gameId`, `condition`, `notes`, `createdAt`, `updatedAt` FROM `collection_items` AS `CollectionItem` ORDER BY `CollectionItem`.`id` ASC;',
  parameters: {}
}
RetroDex backend request failed: Error
    at Database.<anonymous> (C:\Users\ftass\OneDrive\Bureau\RETRODEXseed\backend\node_modules\sequelize\lib\dialects\sqlite\query.js:185:27)
    at C:\Users\ftass\OneDrive\Bureau\RETRODEXseed\backend\node_modules\sequelize\lib\dialects\sqlite\query.js:183:50
    at new Promise (<anonymous>)
    at Query.run (C:\Users\ftass\OneDrive\Bureau\RETRODEXseed\backend\node_modules\sequelize\lib\dialects\sqlite\query.js:183:12)
    at C:\Users\ftass\OneDrive\Bureau\RETRODEXseed\backend\node_modules\sequelize\lib\sequelize.js:315:28
    at async SQLiteQueryInterface.select (C:\Users\ftass\OneDrive\Bureau\RETRODEXseed\backend\node_modules\sequelize\lib\dialects\abstract\query-interface.js:407:12)
    at async CollectionItem.findAll (C:\Users\ftass\OneDrive\Bureau\RETRODEXseed\backend\node_modules\sequelize\lib\model.js:1140:21)
    at async Promise.all (index 1)
    at async C:\Users\ftass\OneDrive\Bureau\RETRODEXseed\backend\src\server.js:298:36 {
  name: 'SequelizeDatabaseError',
  parent: [Error: SQLITE_ERROR: no such column: id] {
    errno: 1,
    code: 'SQLITE_ERROR',
    sql: 'SELECT `id`, `gameId`, `condition`, `notes`, `createdAt`, `updatedAt` FROM `collection_items` AS `CollectionItem` ORDER BY `CollectionItem`.`id` ASC;'
  },
  original: [Error: SQLITE_ERROR: no such column: id] {
    errno: 1,
    code: 'SQLITE_ERROR',
    sql: 'SELECT `id`, `gameId`, `condition`, `notes`, `createdAt`, `updatedAt` FROM `collection_items` AS `CollectionItem` ORDER BY `CollectionItem`.`id` ASC;'
  },
  sql: 'SELECT `id`, `gameId`, `condition`, `notes`, `createdAt`, `updatedAt` FROM `collection_items` AS `CollectionItem` ORDER BY `CollectionItem`.`id` ASC;',
  parameters: {}
}
RetroDex backend request failed: Error
    at Database.<anonymous> (C:\Users\ftass\OneDrive\Bureau\RETRODEXseed\backend\node_modules\sequelize\lib\dialects\sqlite\query.js:185:27)
    at C:\Users\ftass\OneDrive\Bureau\RETRODEXseed\backend\node_modules\sequelize\lib\dialects\sqlite\query.js:183:50
    at new Promise (<anonymous>)
    at Query.run (C:\Users\ftass\OneDrive\Bureau\RETRODEXseed\backend\node_modules\sequelize\lib\dialects\sqlite\query.js:183:12)
    at C:\Users\ftass\OneDrive\Bureau\RETRODEXseed\backend\node_modules\sequelize\lib\sequelize.js:315:28
    at async SQLiteQueryInterface.select (C:\Users\ftass\OneDrive\Bureau\RETRODEXseed\backend\node_modules\sequelize\lib\dialects\abstract\query-interface.js:407:12)
    at async CollectionItem.findAll (C:\Users\ftass\OneDrive\Bureau\RETRODEXseed\backend\node_modules\sequelize\lib\model.js:1140:21)
    at async Promise.all (index 1)
    at async C:\Users\ftass\OneDrive\Bureau\RETRODEXseed\backend\src\server.js:298:36 {
  name: 'SequelizeDatabaseError',
  parent: [Error: SQLITE_ERROR: no such column: id] {
    errno: 1,
    code: 'SQLITE_ERROR',
    sql: 'SELECT `id`, `gameId`, `condition`, `notes`, `createdAt`, `updatedAt` FROM `collection_items` AS `CollectionItem` ORDER BY `CollectionItem`.`id` ASC;'
  },
  original: [Error: SQLITE_ERROR: no such column: id] {
    errno: 1,
    code: 'SQLITE_ERROR',
    sql: 'SELECT `id`, `gameId`, `condition`, `notes`, `createdAt`, `updatedAt` FROM `collection_items` AS `CollectionItem` ORDER BY `CollectionItem`.`id` ASC;'
  },
  sql: 'SELECT `id`, `gameId`, `condition`, `notes`, `createdAt`, `updatedAt` FROM `collection_items` AS `CollectionItem` ORDER BY `CollectionItem`.`id` ASC;',
  parameters: {}
}
RetroDex backend request failed: Error
    at Database.<anonymous> (C:\Users\ftass\OneDrive\Bureau\RETRODEXseed\backend\node_modules\sequelize\lib\dialects\sqlite\query.js:185:27)
    at C:\Users\ftass\OneDrive\Bureau\RETRODEXseed\backend\node_modules\sequelize\lib\dialects\sqlite\query.js:183:50
    at new Promise (<anonymous>)
    at Query.run (C:\Users\ftass\OneDrive\Bureau\RETRODEXseed\backend\node_modules\sequelize\lib\dialects\sqlite\query.js:183:12)
    at C:\Users\ftass\OneDrive\Bureau\RETRODEXseed\backend\node_modules\sequelize\lib\sequelize.js:315:28
    at async SQLiteQueryInterface.select (C:\Users\ftass\OneDrive\Bureau\RETRODEXseed\backend\node_modules\sequelize\lib\dialects\abstract\query-interface.js:407:12)
    at async CollectionItem.findAll (C:\Users\ftass\OneDrive\Bureau\RETRODEXseed\backend\node_modules\sequelize\lib\model.js:1140:21)
    at async Promise.all (index 1)
    at async C:\Users\ftass\OneDrive\Bureau\RETRODEXseed\backend\src\server.js:298:36 {
  name: 'SequelizeDatabaseError',
  parent: [Error: SQLITE_ERROR: no such column: id] {
    errno: 1,
    code: 'SQLITE_ERROR',
    sql: 'SELECT `id`, `gameId`, `condition`, `notes`, `createdAt`, `updatedAt` FROM `collection_items` AS `CollectionItem` ORDER BY `CollectionItem`.`id` ASC;'
  },
  original: [Error: SQLITE_ERROR: no such column: id] {
    errno: 1,
    code: 'SQLITE_ERROR',
    sql: 'SELECT `id`, `gameId`, `condition`, `notes`, `createdAt`, `updatedAt` FROM `collection_items` AS `CollectionItem` ORDER BY `CollectionItem`.`id` ASC;'
  },
  sql: 'SELECT `id`, `gameId`, `condition`, `notes`, `createdAt`, `updatedAt` FROM `collection_items` AS `CollectionItem` ORDER BY `CollectionItem`.`id` ASC;',
  parameters: {}
}
RetroDex backend request failed: Error
    at Database.<anonymous> (C:\Users\ftass\OneDrive\Bureau\RETRODEXseed\backend\node_modules\sequelize\lib\dialects\sqlite\query.js:185:27)
    at C:\Users\ftass\OneDrive\Bureau\RETRODEXseed\backend\node_modules\sequelize\lib\dialects\sqlite\query.js:183:50
    at new Promise (<anonymous>)
    at Query.run (C:\Users\ftass\OneDrive\Bureau\RETRODEXseed\backend\node_modules\sequelize\lib\dialects\sqlite\query.js:183:12)
    at C:\Users\ftass\OneDrive\Bureau\RETRODEXseed\backend\node_modules\sequelize\lib\sequelize.js:315:28
    at async SQLiteQueryInterface.select (C:\Users\ftass\OneDrive\Bureau\RETRODEXseed\backend\node_modules\sequelize\lib\dialects\abstract\query-interface.js:407:12)
    at async CollectionItem.findAll (C:\Users\ftass\OneDrive\Bureau\RETRODEXseed\backend\node_modules\sequelize\lib\model.js:1140:21)
    at async Promise.all (index 1)
    at async C:\Users\ftass\OneDrive\Bureau\RETRODEXseed\backend\src\server.js:298:36 {
  name: 'SequelizeDatabaseError',
  parent: [Error: SQLITE_ERROR: no such column: id] {
    errno: 1,
    code: 'SQLITE_ERROR',
    sql: 'SELECT `id`, `gameId`, `condition`, `notes`, `createdAt`, `updatedAt` FROM `collection_items` AS `CollectionItem` ORDER BY `CollectionItem`.`id` ASC;'
  },
  original: [Error: SQLITE_ERROR: no such column: id] {
    errno: 1,
    code: 'SQLITE_ERROR',
    sql: 'SELECT `id`, `gameId`, `condition`, `notes`, `createdAt`, `updatedAt` FROM `collection_items` AS `CollectionItem` ORDER BY `CollectionItem`.`id` ASC;'
  },
  sql: 'SELECT `id`, `gameId`, `condition`, `notes`, `createdAt`, `updatedAt` FROM `collection_items` AS `CollectionItem` ORDER BY `CollectionItem`.`id` ASC;',
  parameters: {}
}
RetroDex backend request failed: Error
    at Database.<anonymous> (C:\Users\ftass\OneDrive\Bureau\RETRODEXseed\backend\node_modules\sequelize\lib\dialects\sqlite\query.js:185:27)
    at C:\Users\ftass\OneDrive\Bureau\RETRODEXseed\backend\node_modules\sequelize\lib\dialects\sqlite\query.js:183:50
    at new Promise (<anonymous>)
    at Query.run (C:\Users\ftass\OneDrive\Bureau\RETRODEXseed\backend\node_modules\sequelize\lib\dialects\sqlite\query.js:183:12)
    at C:\Users\ftass\OneDrive\Bureau\RETRODEXseed\backend\node_modules\sequelize\lib\sequelize.js:315:28
    at async SQLiteQueryInterface.select (C:\Users\ftass\OneDrive\Bureau\RETRODEXseed\backend\node_modules\sequelize\lib\dialects\abstract\query-interface.js:407:12)
    at async CollectionItem.findAll (C:\Users\ftass\OneDrive\Bureau\RETRODEXseed\backend\node_modules\sequelize\lib\model.js:1140:21)
    at async Promise.all (index 1)
    at async C:\Users\ftass\OneDrive\Bureau\RETRODEXseed\backend\src\server.js:298:36 {
  name: 'SequelizeDatabaseError',
  parent: [Error: SQLITE_ERROR: no such column: id] {
    errno: 1,
    code: 'SQLITE_ERROR',
    sql: 'SELECT `id`, `gameId`, `condition`, `notes`, `createdAt`, `updatedAt` FROM `collection_items` AS `CollectionItem` ORDER BY `CollectionItem`.`id` ASC;'
  },
  original: [Error: SQLITE_ERROR: no such column: id] {
    errno: 1,
    code: 'SQLITE_ERROR',
    sql: 'SELECT `id`, `gameId`, `condition`, `notes`, `createdAt`, `updatedAt` FROM `collection_items` AS `CollectionItem` ORDER BY `CollectionItem`.`id` ASC;'
  },
  sql: 'SELECT `id`, `gameId`, `condition`, `notes`, `createdAt`, `updatedAt` FROM `collection_items` AS `CollectionItem` ORDER BY `CollectionItem`.`id` ASC;',
  parameters: {}
}
